[2026-01-26 08:16:47,216] loadgenerator/WARNING/locust.main: --run-time, --users or --spawn-rate have no impact on LoadShapes unless the shape class explicitly reads them. See: docs.locust.io/en/stable/custom-load-shape.html#use-common-options
[2026-01-26 08:16:47,216] loadgenerator/WARNING/locust.main: The following option(s) will be ignored: --run-time
[2026-01-26 08:16:47,218] loadgenerator/INFO/locust.runners: Shape test starting.
[2026-01-26 08:16:47,219] loadgenerator/INFO/locust.runners: Shape worker starting
[2026-01-26 08:16:47,219] loadgenerator/INFO/locust.runners: Shape test updating to 2 users at 2.00 spawn rate
[2026-01-26 08:16:47,220] loadgenerator/INFO/locust.runners: Ramping to 2 users at a rate of 2.00 per second
[2026-01-26 08:16:47,221] loadgenerator/INFO/locust.runners: All users spawned: {"ConsumerBehaviourModelGraph": 2} (2 total users)
[2026-01-26 08:16:53,229] loadgenerator/INFO/locust.runners: Shape test updating to 0 users at 100.00 spawn rate
[2026-01-26 08:16:53,229] loadgenerator/INFO/locust.runners: Ramping to 0 users at a rate of 100.00 per second
[2026-01-26 08:16:53,231] loadgenerator/INFO/locust.runners: All users spawned: {"ConsumerBehaviourModelGraph": 0} (0 total users)
[2026-01-26 08:16:55,232] loadgenerator/INFO/locust.runners: Shape test updating to 5 users at 2.00 spawn rate
[2026-01-26 08:16:55,233] loadgenerator/INFO/locust.runners: Ramping to 5 users at a rate of 2.00 per second
[2026-01-26 08:16:57,237] loadgenerator/INFO/locust.runners: All users spawned: {"ConsumerBehaviourModelGraph": 5} (5 total users)
[2026-01-26 08:17:01,246] loadgenerator/INFO/locust.runners: Shape test updating to 0 users at 100.00 spawn rate
[2026-01-26 08:17:01,247] loadgenerator/INFO/locust.runners: Ramping to 0 users at a rate of 100.00 per second
[2026-01-26 08:17:01,248] loadgenerator/INFO/locust.runners: All users spawned: {"ConsumerBehaviourModelGraph": 0} (0 total users)
[2026-01-26 08:17:03,250] loadgenerator/INFO/locust.runners: Shape test updating to 8 users at 2.00 spawn rate
[2026-01-26 08:17:03,251] loadgenerator/INFO/locust.runners: Ramping to 8 users at a rate of 2.00 per second
[2026-01-26 08:17:06,258] loadgenerator/INFO/locust.runners: All users spawned: {"ConsumerBehaviourModelGraph": 8} (8 total users)
[2026-01-26 08:17:09,264] loadgenerator/INFO/locust.runners: Shape test updating to 0 users at 100.00 spawn rate
[2026-01-26 08:17:09,265] loadgenerator/INFO/locust.runners: Ramping to 0 users at a rate of 100.00 per second
[2026-01-26 08:17:09,267] loadgenerator/INFO/locust.runners: All users spawned: {"ConsumerBehaviourModelGraph": 0} (0 total users)
[2026-01-26 08:17:11,270] loadgenerator/INFO/locust.runners: Shape test updating to 6 users at 2.00 spawn rate
[2026-01-26 08:17:11,271] loadgenerator/INFO/locust.runners: Ramping to 6 users at a rate of 2.00 per second
[2026-01-26 08:17:13,277] loadgenerator/INFO/locust.runners: All users spawned: {"ConsumerBehaviourModelGraph": 6} (6 total users)
[2026-01-26 08:17:17,285] loadgenerator/INFO/locust.runners: Shape test updating to 0 users at 100.00 spawn rate
[2026-01-26 08:17:17,285] loadgenerator/INFO/locust.runners: Ramping to 0 users at a rate of 100.00 per second
[2026-01-26 08:17:17,287] loadgenerator/INFO/locust.runners: All users spawned: {"ConsumerBehaviourModelGraph": 0} (0 total users)
[2026-01-26 08:17:19,291] loadgenerator/INFO/locust.runners: Shape test updating to 6 users at 2.00 spawn rate
[2026-01-26 08:17:19,291] loadgenerator/INFO/locust.runners: Ramping to 6 users at a rate of 2.00 per second
[2026-01-26 08:17:21,297] loadgenerator/INFO/locust.runners: All users spawned: {"ConsumerBehaviourModelGraph": 6} (6 total users)
[2026-01-26 08:17:25,306] loadgenerator/INFO/locust.runners: Shape test updating to 0 users at 100.00 spawn rate
[2026-01-26 08:17:25,306] loadgenerator/INFO/locust.runners: Ramping to 0 users at a rate of 100.00 per second
[2026-01-26 08:17:25,308] loadgenerator/INFO/locust.runners: All users spawned: {"ConsumerBehaviourModelGraph": 0} (0 total users)
[2026-01-26 08:17:27,311] loadgenerator/INFO/locust.runners: Shape test updating to 5 users at 2.00 spawn rate
[2026-01-26 08:17:27,312] loadgenerator/INFO/locust.runners: Ramping to 5 users at a rate of 2.00 per second
[2026-01-26 08:17:29,317] loadgenerator/INFO/locust.runners: All users spawned: {"ConsumerBehaviourModelGraph": 5} (5 total users)
[2026-01-26 08:17:33,326] loadgenerator/INFO/locust.runners: Shape test updating to 0 users at 100.00 spawn rate
[2026-01-26 08:17:33,326] loadgenerator/INFO/locust.runners: Ramping to 0 users at a rate of 100.00 per second
[2026-01-26 08:17:33,328] loadgenerator/INFO/locust.runners: All users spawned: {"ConsumerBehaviourModelGraph": 0} (0 total users)
[2026-01-26 08:17:35,332] loadgenerator/INFO/locust.runners: Shape test updating to 1 users at 2.00 spawn rate
[2026-01-26 08:17:35,332] loadgenerator/INFO/locust.runners: Ramping to 1 users at a rate of 2.00 per second
[2026-01-26 08:17:35,333] loadgenerator/INFO/locust.runners: All users spawned: {"ConsumerBehaviourModelGraph": 1} (1 total users)
[2026-01-26 08:17:41,347] loadgenerator/INFO/locust.runners: Shape test updating to 0 users at 100.00 spawn rate
[2026-01-26 08:17:41,347] loadgenerator/INFO/locust.runners: Ramping to 0 users at a rate of 100.00 per second
[2026-01-26 08:17:41,348] loadgenerator/INFO/locust.runners: All users spawned: {"ConsumerBehaviourModelGraph": 0} (0 total users)
[2026-01-26 08:17:43,351] loadgenerator/INFO/locust.runners: Shape test updating to 1 users at 2.00 spawn rate
[2026-01-26 08:17:43,352] loadgenerator/INFO/locust.runners: Ramping to 1 users at a rate of 2.00 per second
[2026-01-26 08:17:43,353] loadgenerator/INFO/locust.runners: All users spawned: {"ConsumerBehaviourModelGraph": 1} (1 total users)
[2026-01-26 08:17:49,367] loadgenerator/INFO/locust.runners: Shape test stopping
[2026-01-26 08:17:49,477] loadgenerator/INFO/locust.main: --run-time limit reached, shutting down
[2026-01-26 08:17:49,477] loadgenerator/INFO/locust.main: Run time limit set to 64 seconds
[2026-01-26 08:17:49,477] loadgenerator/INFO/locust.main: Starting Locust 2.29.0
[2026-01-26 08:17:49,477] loadgenerator/INFO/locust.main: Shutting down (exit code 1)
Type     Name                                                                          # reqs      # fails |    Avg     Min     Max    Med |   req/s  failures/s
--------|----------------------------------------------------------------------------|-------|-------------|-------|-------|-------|-------|--------|-----------
GET      /category                                                                         53   44(83.02%) |    215      30    1894     59 |    0.89        0.74
GET      /product                                                                           4    3(75.00%) |    198      56     548     90 |    0.07        0.05
--------|----------------------------------------------------------------------------|-------|-------------|-------|-------|-------|-------|--------|-----------
         Aggregated                                                                        57   47(82.46%) |    214      30    1894     60 |    0.95        0.79

Response time percentiles (approximated)
Type     Name                                                                                  50%    66%    75%    80%    90%    95%    98%    99%  99.9% 99.99%   100% # reqs
--------|--------------------------------------------------------------------------------|--------|------|------|------|------|------|------|------|------|------|------|------
GET      /category                                                                              59     86    130    180    280   1800   1900   1900   1900   1900   1900     53
GET      /product                                                                               97     97    550    550    550    550    550    550    550    550    550      4
--------|--------------------------------------------------------------------------------|--------|------|------|------|------|------|------|------|------|------|------|------
         Aggregated                                                                             60     93    130    180    550   1800   1900   1900   1900   1900   1900     57

Error report
# occurrences      Error                                                                                               
------------------|---------------------------------------------------------------------------------------------------------------------------------------------
44                 GET /category: HTTPError('500 Server Error:  for url: /category')                                   
3                  GET /product: HTTPError('500 Server Error:  for url: /product')                                     
------------------|---------------------------------------------------------------------------------------------------------------------------------------------

