[2026-01-25 07:29:09,032] loadgenerator/WARNING/locust.main: --run-time, --users or --spawn-rate have no impact on LoadShapes unless the shape class explicitly reads them. See: docs.locust.io/en/stable/custom-load-shape.html#use-common-options
[2026-01-25 07:29:09,032] loadgenerator/WARNING/locust.main: The following option(s) will be ignored: --run-time
[2026-01-25 07:29:09,033] loadgenerator/INFO/locust.runners: Shape test starting.
[2026-01-25 07:29:09,035] loadgenerator/INFO/locust.runners: Shape worker starting
[2026-01-25 07:29:09,035] loadgenerator/INFO/locust.runners: Shape test updating to 2 users at 2.00 spawn rate
[2026-01-25 07:29:09,035] loadgenerator/INFO/locust.runners: Ramping to 2 users at a rate of 2.00 per second
[2026-01-25 07:29:09,036] loadgenerator/INFO/locust.runners: All users spawned: {"ConsumerBehaviourModelGraph": 2} (2 total users)
[2026-01-25 07:29:15,043] loadgenerator/INFO/locust.runners: Shape test updating to 0 users at 100.00 spawn rate
[2026-01-25 07:29:15,044] loadgenerator/INFO/locust.runners: Ramping to 0 users at a rate of 100.00 per second
[2026-01-25 07:29:15,045] loadgenerator/INFO/locust.runners: All users spawned: {"ConsumerBehaviourModelGraph": 0} (0 total users)
[2026-01-25 07:29:17,047] loadgenerator/INFO/locust.runners: Shape test updating to 5 users at 2.00 spawn rate
[2026-01-25 07:29:17,047] loadgenerator/INFO/locust.runners: Ramping to 5 users at a rate of 2.00 per second
[2026-01-25 07:29:19,052] loadgenerator/INFO/locust.runners: All users spawned: {"ConsumerBehaviourModelGraph": 5} (5 total users)
[2026-01-25 07:29:23,058] loadgenerator/INFO/locust.runners: Shape test updating to 0 users at 100.00 spawn rate
[2026-01-25 07:29:23,059] loadgenerator/INFO/locust.runners: Ramping to 0 users at a rate of 100.00 per second
[2026-01-25 07:29:23,062] loadgenerator/INFO/locust.runners: All users spawned: {"ConsumerBehaviourModelGraph": 0} (0 total users)
[2026-01-25 07:29:25,061] loadgenerator/INFO/locust.runners: Shape test updating to 8 users at 2.00 spawn rate
[2026-01-25 07:29:25,062] loadgenerator/INFO/locust.runners: Ramping to 8 users at a rate of 2.00 per second
[2026-01-25 07:29:28,068] loadgenerator/INFO/locust.runners: All users spawned: {"ConsumerBehaviourModelGraph": 8} (8 total users)
[2026-01-25 07:29:31,072] loadgenerator/INFO/locust.runners: Shape test updating to 0 users at 100.00 spawn rate
[2026-01-25 07:29:31,073] loadgenerator/INFO/locust.runners: Ramping to 0 users at a rate of 100.00 per second
[2026-01-25 07:29:31,076] loadgenerator/INFO/locust.runners: All users spawned: {"ConsumerBehaviourModelGraph": 0} (0 total users)
[2026-01-25 07:29:33,076] loadgenerator/INFO/locust.runners: Shape test updating to 6 users at 2.00 spawn rate
[2026-01-25 07:29:33,076] loadgenerator/INFO/locust.runners: Ramping to 6 users at a rate of 2.00 per second
[2026-01-25 07:29:35,080] loadgenerator/INFO/locust.runners: All users spawned: {"ConsumerBehaviourModelGraph": 6} (6 total users)
[2026-01-25 07:29:39,086] loadgenerator/INFO/locust.runners: Shape test updating to 0 users at 100.00 spawn rate
[2026-01-25 07:29:39,086] loadgenerator/INFO/locust.runners: Ramping to 0 users at a rate of 100.00 per second
[2026-01-25 07:29:39,089] loadgenerator/INFO/locust.runners: All users spawned: {"ConsumerBehaviourModelGraph": 0} (0 total users)
[2026-01-25 07:29:41,090] loadgenerator/INFO/locust.runners: Shape test updating to 6 users at 2.00 spawn rate
[2026-01-25 07:29:41,090] loadgenerator/INFO/locust.runners: Ramping to 6 users at a rate of 2.00 per second
[2026-01-25 07:29:43,096] loadgenerator/INFO/locust.runners: All users spawned: {"ConsumerBehaviourModelGraph": 6} (6 total users)
[2026-01-25 07:29:47,103] loadgenerator/INFO/locust.runners: Shape test updating to 0 users at 100.00 spawn rate
[2026-01-25 07:29:47,103] loadgenerator/INFO/locust.runners: Ramping to 0 users at a rate of 100.00 per second
[2026-01-25 07:29:47,106] loadgenerator/INFO/locust.runners: All users spawned: {"ConsumerBehaviourModelGraph": 0} (0 total users)
[2026-01-25 07:29:49,106] loadgenerator/INFO/locust.runners: Shape test updating to 5 users at 2.00 spawn rate
[2026-01-25 07:29:49,107] loadgenerator/INFO/locust.runners: Ramping to 5 users at a rate of 2.00 per second
[2026-01-25 07:29:51,112] loadgenerator/INFO/locust.runners: All users spawned: {"ConsumerBehaviourModelGraph": 5} (5 total users)
[2026-01-25 07:29:55,120] loadgenerator/INFO/locust.runners: Shape test updating to 0 users at 100.00 spawn rate
[2026-01-25 07:29:55,120] loadgenerator/INFO/locust.runners: Ramping to 0 users at a rate of 100.00 per second
[2026-01-25 07:29:55,123] loadgenerator/INFO/locust.runners: All users spawned: {"ConsumerBehaviourModelGraph": 0} (0 total users)
[2026-01-25 07:29:57,125] loadgenerator/INFO/locust.runners: Shape test updating to 1 users at 2.00 spawn rate
[2026-01-25 07:29:57,125] loadgenerator/INFO/locust.runners: Ramping to 1 users at a rate of 2.00 per second
[2026-01-25 07:29:57,126] loadgenerator/INFO/locust.runners: All users spawned: {"ConsumerBehaviourModelGraph": 1} (1 total users)
[2026-01-25 07:30:03,137] loadgenerator/INFO/locust.runners: Shape test updating to 0 users at 100.00 spawn rate
[2026-01-25 07:30:03,138] loadgenerator/INFO/locust.runners: Ramping to 0 users at a rate of 100.00 per second
[2026-01-25 07:30:03,139] loadgenerator/INFO/locust.runners: All users spawned: {"ConsumerBehaviourModelGraph": 0} (0 total users)
[2026-01-25 07:30:05,142] loadgenerator/INFO/locust.runners: Shape test updating to 1 users at 2.00 spawn rate
[2026-01-25 07:30:05,142] loadgenerator/INFO/locust.runners: Ramping to 1 users at a rate of 2.00 per second
[2026-01-25 07:30:05,143] loadgenerator/INFO/locust.runners: All users spawned: {"ConsumerBehaviourModelGraph": 1} (1 total users)
[2026-01-25 07:30:11,154] loadgenerator/INFO/locust.runners: Shape test stopping
[2026-01-25 07:30:11,261] loadgenerator/INFO/locust.main: --run-time limit reached, shutting down
[2026-01-25 07:30:11,262] loadgenerator/INFO/locust.main: Run time limit set to 64 seconds
[2026-01-25 07:30:11,262] loadgenerator/INFO/locust.main: Starting Locust 2.29.0
[2026-01-25 07:30:11,262] loadgenerator/INFO/locust.main: Shutting down (exit code 1)
Type     Name                                                                          # reqs      # fails |    Avg     Min     Max    Med |   req/s  failures/s
--------|----------------------------------------------------------------------------|-------|-------------|-------|-------|-------|-------|--------|-----------
GET      /category                                                                          4   4(100.00%) |   1036       4    2567      6 |    0.09        0.09
--------|----------------------------------------------------------------------------|-------|-------------|-------|-------|-------|-------|--------|-----------
         Aggregated                                                                         4   4(100.00%) |   1036       4    2567      6 |    0.09        0.09

Response time percentiles (approximated)
Type     Name                                                                                  50%    66%    75%    80%    90%    95%    98%    99%  99.9% 99.99%   100% # reqs
--------|--------------------------------------------------------------------------------|--------|------|------|------|------|------|------|------|------|------|------|------
GET      /category                                                                            1600   1600   2600   2600   2600   2600   2600   2600   2600   2600   2600      4
--------|--------------------------------------------------------------------------------|--------|------|------|------|------|------|------|------|------|------|------|------
         Aggregated                                                                           1600   1600   2600   2600   2600   2600   2600   2600   2600   2600   2600      4

Error report
# occurrences      Error                                                                                               
------------------|---------------------------------------------------------------------------------------------------------------------------------------------
2                  GET /category: ConnectionRefusedError(111, 'Connection refused')                                    
2                  GET /category: HTTPError('500 Server Error:  for url: /category')                                   
------------------|---------------------------------------------------------------------------------------------------------------------------------------------

