[2026-02-03 20:45:27,514] loadgenerator/WARNING/locust.main: --run-time, --users or --spawn-rate have no impact on LoadShapes unless the shape class explicitly reads them. See: docs.locust.io/en/stable/custom-load-shape.html#use-common-options
[2026-02-03 20:45:27,514] loadgenerator/WARNING/locust.main: The following option(s) will be ignored: --run-time
[2026-02-03 20:45:27,516] loadgenerator/INFO/locust.runners: Shape test starting.
[2026-02-03 20:45:27,517] loadgenerator/INFO/locust.runners: Shape worker starting
[2026-02-03 20:45:27,517] loadgenerator/INFO/locust.runners: Shape test updating to 5 users at 2.00 spawn rate
[2026-02-03 20:45:27,518] loadgenerator/INFO/locust.runners: Ramping to 5 users at a rate of 2.00 per second
[2026-02-03 20:45:29,522] loadgenerator/INFO/locust.runners: All users spawned: {"ConsumerBehaviourModelGraph": 5} (5 total users)
[2026-02-03 20:55:28,348] loadgenerator/INFO/locust.runners: Shape test updating to 2 users at 2.00 spawn rate
[2026-02-03 20:55:28,348] loadgenerator/INFO/locust.runners: Ramping to 2 users at a rate of 2.00 per second
[2026-02-03 20:55:29,353] loadgenerator/INFO/locust.runners: All users spawned: {"ConsumerBehaviourModelGraph": 2} (2 total users)
[2026-02-03 20:58:50,081] loadgenerator/INFO/locust.runners: Shape test updating to 0 users at 100.00 spawn rate
[2026-02-03 20:58:50,082] loadgenerator/INFO/locust.runners: Ramping to 0 users at a rate of 100.00 per second
[2026-02-03 20:58:50,082] loadgenerator/INFO/locust.runners: All users spawned: {"ConsumerBehaviourModelGraph": 0} (0 total users)
[2026-02-03 20:59:13,164] loadgenerator/INFO/locust.runners: Shape test updating to 5 users at 2.00 spawn rate
[2026-02-03 20:59:13,165] loadgenerator/INFO/locust.runners: Ramping to 5 users at a rate of 2.00 per second
[2026-02-03 20:59:15,173] loadgenerator/INFO/locust.runners: All users spawned: {"ConsumerBehaviourModelGraph": 5} (5 total users)
[2026-02-03 21:02:35,913] loadgenerator/INFO/locust.runners: Shape test updating to 0 users at 100.00 spawn rate
[2026-02-03 21:02:35,913] loadgenerator/INFO/locust.runners: Ramping to 0 users at a rate of 100.00 per second
[2026-02-03 21:02:35,914] loadgenerator/INFO/locust.runners: All users spawned: {"ConsumerBehaviourModelGraph": 0} (0 total users)
[2026-02-03 21:02:57,997] loadgenerator/INFO/locust.runners: Shape test updating to 8 users at 2.00 spawn rate
[2026-02-03 21:02:57,998] loadgenerator/INFO/locust.runners: Ramping to 8 users at a rate of 2.00 per second
[2026-02-03 21:03:01,010] loadgenerator/INFO/locust.runners: All users spawned: {"ConsumerBehaviourModelGraph": 8} (8 total users)
[2026-02-03 21:06:20,752] loadgenerator/INFO/locust.runners: Shape test updating to 0 users at 100.00 spawn rate
[2026-02-03 21:06:20,753] loadgenerator/INFO/locust.runners: Ramping to 0 users at a rate of 100.00 per second
[2026-02-03 21:06:20,755] loadgenerator/INFO/locust.runners: All users spawned: {"ConsumerBehaviourModelGraph": 0} (0 total users)
[2026-02-03 21:06:42,836] loadgenerator/INFO/locust.runners: Shape test updating to 6 users at 2.00 spawn rate
[2026-02-03 21:06:42,836] loadgenerator/INFO/locust.runners: Ramping to 6 users at a rate of 2.00 per second
[2026-02-03 21:06:44,844] loadgenerator/INFO/locust.runners: All users spawned: {"ConsumerBehaviourModelGraph": 6} (6 total users)
[2026-02-03 21:10:05,620] loadgenerator/INFO/locust.runners: Shape test updating to 0 users at 100.00 spawn rate
[2026-02-03 21:10:05,620] loadgenerator/INFO/locust.runners: Ramping to 0 users at a rate of 100.00 per second
[2026-02-03 21:10:05,622] loadgenerator/INFO/locust.runners: All users spawned: {"ConsumerBehaviourModelGraph": 0} (0 total users)
[2026-02-03 21:10:27,709] loadgenerator/INFO/locust.runners: Shape test updating to 6 users at 2.00 spawn rate
[2026-02-03 21:10:27,709] loadgenerator/INFO/locust.runners: Ramping to 6 users at a rate of 2.00 per second
[2026-02-03 21:10:29,717] loadgenerator/INFO/locust.runners: All users spawned: {"ConsumerBehaviourModelGraph": 6} (6 total users)
[2026-02-03 21:13:50,482] loadgenerator/INFO/locust.runners: Shape test updating to 0 users at 100.00 spawn rate
[2026-02-03 21:13:50,483] loadgenerator/INFO/locust.runners: Ramping to 0 users at a rate of 100.00 per second
[2026-02-03 21:13:50,485] loadgenerator/INFO/locust.runners: All users spawned: {"ConsumerBehaviourModelGraph": 0} (0 total users)
[2026-02-03 21:14:12,568] loadgenerator/INFO/locust.runners: Shape test updating to 5 users at 2.00 spawn rate
[2026-02-03 21:14:12,568] loadgenerator/INFO/locust.runners: Ramping to 5 users at a rate of 2.00 per second
[2026-02-03 21:14:14,577] loadgenerator/INFO/locust.runners: All users spawned: {"ConsumerBehaviourModelGraph": 5} (5 total users)
[2026-02-03 21:17:35,354] loadgenerator/INFO/locust.runners: Shape test updating to 0 users at 100.00 spawn rate
[2026-02-03 21:17:35,355] loadgenerator/INFO/locust.runners: Ramping to 0 users at a rate of 100.00 per second
[2026-02-03 21:17:35,357] loadgenerator/INFO/locust.runners: All users spawned: {"ConsumerBehaviourModelGraph": 0} (0 total users)
[2026-02-03 21:17:58,447] loadgenerator/INFO/locust.runners: Shape test updating to 1 users at 2.00 spawn rate
[2026-02-03 21:17:58,448] loadgenerator/INFO/locust.runners: Ramping to 1 users at a rate of 2.00 per second
[2026-02-03 21:17:58,449] loadgenerator/INFO/locust.runners: All users spawned: {"ConsumerBehaviourModelGraph": 1} (1 total users)
[2026-02-03 21:21:20,240] loadgenerator/INFO/locust.runners: Shape test updating to 0 users at 100.00 spawn rate
[2026-02-03 21:21:20,240] loadgenerator/INFO/locust.runners: Ramping to 0 users at a rate of 100.00 per second
[2026-02-03 21:21:20,241] loadgenerator/INFO/locust.runners: All users spawned: {"ConsumerBehaviourModelGraph": 0} (0 total users)
[2026-02-03 21:21:43,327] loadgenerator/INFO/locust.runners: Shape test updating to 1 users at 2.00 spawn rate
[2026-02-03 21:21:43,328] loadgenerator/INFO/locust.runners: Ramping to 1 users at a rate of 2.00 per second
[2026-02-03 21:21:43,329] loadgenerator/INFO/locust.runners: All users spawned: {"ConsumerBehaviourModelGraph": 1} (1 total users)
[2026-02-03 21:25:05,109] loadgenerator/INFO/locust.runners: Shape test stopping
[2026-02-03 21:25:05,223] loadgenerator/INFO/locust.main: --run-time limit reached, shutting down
[2026-02-03 21:25:05,224] loadgenerator/INFO/locust.main: Run time limit set to 1800 seconds
[2026-02-03 21:25:05,224] loadgenerator/INFO/locust.main: Starting Locust 2.29.0
[2026-02-03 21:25:05,224] loadgenerator/INFO/locust.main: Shutting down (exit code 1)
Type     Name                                                                          # reqs      # fails |    Avg     Min     Max    Med |   req/s  failures/s
--------|----------------------------------------------------------------------------|-------|-------------|-------|-------|-------|-------|--------|-----------
POST     /cartAction | add to cart                                                         32   29(90.62%) |   2467       3   29152      4 |    0.01        0.01
POST     /cartAction | pay                                                                  9    7(77.78%) |   3221       3   17549      5 |    0.00        0.00
GET      /category                                                                        865 865(100.00%) |   3340       2   65506      4 |    0.37        0.37
GET      /product                                                                         255 255(100.00%) |   3501       2   38417      4 |    0.11        0.11
GET      /tools.descartes.teastore.webui                                                   44  44(100.00%) |   6854       2   65621      5 |    0.02        0.02
GET      /tools.descartes.teastore.webui/cart                                              32  32(100.00%) |   2459       2   15487   1000 |    0.01        0.01
GET      /tools.descartes.teastore.webui/order                                              9   9(100.00%) |   5775       2   15265   3000 |    0.00        0.00
--------|----------------------------------------------------------------------------|-------|-------------|-------|-------|-------|-------|--------|-----------
         Aggregated                                                                      1246 1241(99.60%) |   3468       2   65621      4 |    0.53        0.53

Response time percentiles (approximated)
Type     Name                                                                                  50%    66%    75%    80%    90%    95%    98%    99%  99.9% 99.99%   100% # reqs
--------|--------------------------------------------------------------------------------|--------|------|------|------|------|------|------|------|------|------|------|------
POST     /cartAction | add to cart                                                               4   1000   1000   1000  12000  15000  29000  29000  29000  29000  29000     32
POST     /cartAction | pay                                                                       5   1000   1000   9400  18000  18000  18000  18000  18000  18000  18000      9
GET      /category                                                                               4      5   1000   1000  14000  29000  32000  33000  66000  66000  66000    865
GET      /product                                                                                4      5   1000   3000  15000  29000  31000  34000  38000  38000  38000    255
GET      /tools.descartes.teastore.webui                                                         5   7200  11000  16000  19000  25000  66000  66000  66000  66000  66000     44
GET      /tools.descartes.teastore.webui/cart                                                 1000   1000   1000   3000  14000  15000  15000  15000  15000  15000  15000     32
GET      /tools.descartes.teastore.webui/order                                                3000   7200  10000  13000  15000  15000  15000  15000  15000  15000  15000      9
--------|--------------------------------------------------------------------------------|--------|------|------|------|------|------|------|------|------|------|------|------
         Aggregated                                                                              4      5   1000   3000  15000  29000  32000  33000  66000  66000  66000   1246

Error report
# occurrences      Error                                                                                               
------------------|---------------------------------------------------------------------------------------------------------------------------------------------
69                 GET /category: RemoteDisconnected('Remote end closed connection without response')                  
228                GET /product: ConnectionRefusedError(111, 'Connection refused')                                     
13                 GET /category: HTTPError('500 Server Error:  for url: /category')                                   
26                 GET /product: RemoteDisconnected('Remote end closed connection without response')                   
783                GET /category: ConnectionRefusedError(111, 'Connection refused')                                    
29                 POST /cartAction | add to cart: ConnectionRefusedError(111, 'Connection refused')                   
29                 GET /tools.descartes.teastore.webui/cart: ConnectionRefusedError(111, 'Connection refused')         
32                 GET /tools.descartes.teastore.webui: ConnectionRefusedError(111, 'Connection refused')              
2                  GET /tools.descartes.teastore.webui/order: RemoteDisconnected('Remote end closed connection without response')
12                 GET /tools.descartes.teastore.webui: RemoteDisconnected('Remote end closed connection without response')
1                  GET /product: HTTPError('500 Server Error:  for url: /product')                                     
7                  POST /cartAction | pay: ConnectionRefusedError(111, 'Connection refused')                           
7                  GET /tools.descartes.teastore.webui/order: ConnectionRefusedError(111, 'Connection refused')        
3                  GET /tools.descartes.teastore.webui/cart: RemoteDisconnected('Remote end closed connection without response')
------------------|---------------------------------------------------------------------------------------------------------------------------------------------

